#
# There is insufficient memory for the Java Runtime Environment to continue.
# Native memory allocation (malloc) failed to allocate 941264 bytes for Chunk::new
# Possible reasons:
#   The system is out of physical RAM or swap space
#   The process is running with CompressedOops enabled, and the Java Heap may be blocking the growth of the native heap
# Possible solutions:
#   Reduce memory load on the system
#   Increase physical memory or swap space
#   Check if swap backing store is full
#   Decrease Java heap size (-Xmx/-Xms)
#   Decrease number of Java threads
#   Decrease Java thread stack sizes (-Xss)
#   Set larger code cache with -XX:ReservedCodeCacheSize=
#   JVM is running with Zero Based Compressed Oops mode in which the Java heap is
#     placed in the first 32GB address space. The Java Heap base address is the
#     maximum limit for the native heap growth. Please use -XX:HeapBaseMinAddress
#     to set the Java Heap base and to place the Java Heap above 32GB virtual address.
# This output file may be truncated or incomplete.
#
#  Out of Memory Error (arena.cpp:189), pid=11316, tid=19064
#
# JRE version: OpenJDK Runtime Environment Corretto-17.0.7.7.1 (17.0.7+7) (build 17.0.7+7-LTS)
# Java VM: OpenJDK 64-Bit Server VM Corretto-17.0.7.7.1 (17.0.7+7-LTS, mixed mode, sharing, tiered, compressed oops, compressed class ptrs, g1 gc, windows-amd64)
# No core dump will be written. Minidumps are not enabled by default on client versions of Windows
#

---------------  S U M M A R Y ------------

Command Line: --enable-preview -Dfile.encoding=windows-1251 -Duser.country=RU -Duser.language=ru -Duser.variant Main

Host: AMD Ryzen 5 4600H with Radeon Graphics         , 12 cores, 15G,  Windows 10 , 64 bit Build 19041 (10.0.19041.3155)
Time: Sat Aug 19 00:07:36 2023 RTZ 2 (s 10 , 64 bit Build 19041 (10.0.19041.3155) elapsed time: 12.302008 seconds (0d 0h 0m 12s)

---------------  T H R E A D  ---------------

Current thread (0x000001ceff852cb0):  JavaThread "C2 CompilerThread1" daemon [_thread_in_native, id=19064, stack(0x000000a7c6500000,0x000000a7c6600000)]


Current CompileTask:
C2:  12302 1976   !   4       java.net.URL::<init> (543 bytes)

Stack: [0x000000a7c6500000,0x000000a7c6600000]
Native frames: (J=compiled Java code, j=interpreted, Vv=VM code, C=native code)
V  [jvm.dll+0x64b53a]
V  [jvm.dll+0x7fef54]
V  [jvm.dll+0x80070e]
V  [jvm.dll+0x800d63]
V  [jvm.dll+0x236a2b]
V  [jvm.dll+0xbd47c]
V  [jvm.dll+0xbda5c]
V  [jvm.dll+0x350c37]
V  [jvm.dll+0x1b1780]
V  [jvm.dll+0x20addf]
V  [jvm.dll+0x20a287]
V  [jvm.dll+0x19a2ed]
V  [jvm.dll+0x21967d]
V  [jvm.dll+0x2178c4]
V  [jvm.dll+0x7b7dcb]
V  [jvm.dll+0x7b237a]
V  [jvm.dll+0x64a3a5]
C  [ucrtbase.dll+0x21bb2]
C  [KERNEL32.DLL+0x17614]
C  [ntdll.dll+0x526b1]


---------------  P R O C E S S  ---------------

Threads class SMR info:
_java_thread_list=0x000001ce9c7188b0, length=44, elements={
0x000001ceff824480, 0x000001ceff8297b0, 0x000001ceff83e610, 0x000001ceff83eed0,
0x000001ceff83fba0, 0x000001ceff840c00, 0x000001ceff845270, 0x000001ceff850430,
0x000001ceff85eb90, 0x000001ceff98d660, 0x000001ceff998720, 0x000001ce9b7aed60,
0x000001ce9b830010, 0x000001ce9b830d00, 0x000001ce9bb6dde0, 0x000001ce9bd38ed0,
0x000001ce9bab3640, 0x000001ce9b9ddc90, 0x000001ce9bbe46c0, 0x000001ce9bbe16a0,
0x000001ce9bbe5060, 0x000001ce9bbe3850, 0x000001ce9bbe29e0, 0x000001ce9bbe2510,
0x000001ce9bbe2eb0, 0x000001ce9bbe1b70, 0x000001ce9bbe41f0, 0x000001ce9bbe3380,
0x000001ce9bbe2040, 0x000001ce9bbe3d20, 0x000001ce9bbe4b90, 0x000001ce9bbd68c0,
0x000001ce9bbd63f0, 0x000001ce9bbd50b0, 0x000001ce9bbcf540, 0x000001ceff852cb0,
0x000001ce9bbd6d90, 0x000001ce9bbd2f00, 0x000001ce9bbd0880, 0x000001ceff851d80,
0x000001ce9bbcfee0, 0x000001ce9bbcfa10, 0x000001ce9bbd4240, 0x000001ce9bbd4be0
}

Java Threads: ( => current thread )
  0x000001ceff824480 JavaThread "Reference Handler" daemon [_thread_blocked, id=11840, stack(0x000000a7c3e00000,0x000000a7c3f00000)]
  0x000001ceff8297b0 JavaThread "Finalizer" daemon [_thread_blocked, id=8016, stack(0x000000a7c3f00000,0x000000a7c4000000)]
  0x000001ceff83e610 JavaThread "Signal Dispatcher" daemon [_thread_blocked, id=18584, stack(0x000000a7c4000000,0x000000a7c4100000)]
  0x000001ceff83eed0 JavaThread "Attach Listener" daemon [_thread_blocked, id=13776, stack(0x000000a7c4100000,0x000000a7c4200000)]
  0x000001ceff83fba0 JavaThread "Service Thread" daemon [_thread_blocked, id=12032, stack(0x000000a7c4200000,0x000000a7c4300000)]
  0x000001ceff840c00 JavaThread "Monitor Deflation Thread" daemon [_thread_blocked, id=8724, stack(0x000000a7c4300000,0x000000a7c4400000)]
  0x000001ceff845270 JavaThread "C2 CompilerThread0" daemon [_thread_in_native, id=15216, stack(0x000000a7c4400000,0x000000a7c4500000)]
  0x000001ceff850430 JavaThread "C1 CompilerThread0" daemon [_thread_blocked, id=18884, stack(0x000000a7c4500000,0x000000a7c4600000)]
  0x000001ceff85eb90 JavaThread "Sweeper thread" daemon [_thread_blocked, id=12196, stack(0x000000a7c4600000,0x000000a7c4700000)]
  0x000001ceff98d660 JavaThread "Notification Thread" daemon [_thread_blocked, id=18612, stack(0x000000a7c4700000,0x000000a7c4800000)]
  0x000001ceff998720 JavaThread "Common-Cleaner" daemon [_thread_blocked, id=9428, stack(0x000000a7c4900000,0x000000a7c4a00000)]
  0x000001ce9b7aed60 JavaThread "ForkJoinPool.commonPool-worker-1" daemon [_thread_blocked, id=17708, stack(0x000000a7c4e00000,0x000000a7c4f00000)]
  0x000001ce9b830010 JavaThread "ForkJoinPool.commonPool-worker-2" daemon [_thread_blocked, id=10572, stack(0x000000a7c4f00000,0x000000a7c5000000)]
  0x000001ce9b830d00 JavaThread "ForkJoinPool.commonPool-worker-3" daemon [_thread_blocked, id=4500, stack(0x000000a7c5000000,0x000000a7c5100000)]
  0x000001ce9bb6dde0 JavaThread "Ms-Tick-0" [_thread_blocked, id=4676, stack(0x000000a7c5300000,0x000000a7c5400000)]
  0x000001ce9bd38ed0 JavaThread "Ms-worker-0" [_thread_in_native, id=9864, stack(0x000000a7c5400000,0x000000a7c5500000)]
  0x000001ce9bab3640 JavaThread "Ms-worker-1" [_thread_in_native, id=4352, stack(0x000000a7c5500000,0x000000a7c5600000)]
  0x000001ce9b9ddc90 JavaThread "Ms-worker-2" [_thread_in_native, id=16600, stack(0x000000a7c5600000,0x000000a7c5700000)]
  0x000001ce9bbe46c0 JavaThread "Ms-worker-3" [_thread_in_native, id=14876, stack(0x000000a7c5700000,0x000000a7c5800000)]
  0x000001ce9bbe16a0 JavaThread "Ms-worker-4" [_thread_in_native, id=17228, stack(0x000000a7c5800000,0x000000a7c5900000)]
  0x000001ce9bbe5060 JavaThread "Ms-worker-5" [_thread_in_native, id=13000, stack(0x000000a7c5900000,0x000000a7c5a00000)]
  0x000001ce9bbe3850 JavaThread "Ms-worker-6" [_thread_in_native, id=10632, stack(0x000000a7c5a00000,0x000000a7c5b00000)]
  0x000001ce9bbe29e0 JavaThread "Ms-worker-7" [_thread_in_native, id=2584, stack(0x000000a7c5b00000,0x000000a7c5c00000)]
  0x000001ce9bbe2510 JavaThread "Ms-worker-8" [_thread_in_native, id=6820, stack(0x000000a7c5c00000,0x000000a7c5d00000)]
  0x000001ce9bbe2eb0 JavaThread "Ms-worker-9" [_thread_in_native, id=17452, stack(0x000000a7c5d00000,0x000000a7c5e00000)]
  0x000001ce9bbe1b70 JavaThread "Ms-worker-10" [_thread_in_native, id=16696, stack(0x000000a7c5e00000,0x000000a7c5f00000)]
  0x000001ce9bbe41f0 JavaThread "Ms-worker-11" [_thread_in_native, id=14376, stack(0x000000a7c5f00000,0x000000a7c6000000)]
  0x000001ce9bbe3380 JavaThread "Ms-entrypoint" [_thread_in_native, id=14036, stack(0x000000a7c6000000,0x000000a7c6100000)]
  0x000001ce9bbe2040 JavaThread "Jline" daemon [_thread_blocked, id=12656, stack(0x000000a7c6100000,0x000000a7c6200000)]
  0x000001ce9bbe3d20 JavaThread "Ms-TickScheduler" [_thread_blocked, id=16052, stack(0x000000a7c6200000,0x000000a7c6300000)]
  0x000001ce9bbe4b90 JavaThread "DestroyJavaVM" [_thread_blocked, id=18292, stack(0x000000a7c3700000,0x000000a7c3800000)]
  0x000001ce9bbd68c0 JavaThread "JLine terminal non blocking reader thread" daemon [_thread_in_native, id=17328, stack(0x000000a7c6300000,0x000000a7c6400000)]
  0x000001ce9bbd63f0 JavaThread "Cleaner-0" daemon [_thread_blocked, id=11448, stack(0x000000a7c5100000,0x000000a7c5200000)]
  0x000001ce9bbd50b0 JavaThread "Cleaner-1" daemon [_thread_blocked, id=6468, stack(0x000000a7c5200000,0x000000a7c5300000)]
  0x000001ce9bbcf540 JavaThread "ForkJoinPool.commonPool-worker-4" daemon [_thread_blocked, id=16532, stack(0x000000a7c6400000,0x000000a7c6500000)]
=>0x000001ceff852cb0 JavaThread "C2 CompilerThread1" daemon [_thread_in_native, id=19064, stack(0x000000a7c6500000,0x000000a7c6600000)]
  0x000001ce9bbd6d90 JavaThread "ForkJoinPool.commonPool-worker-5" daemon [_thread_blocked, id=8804, stack(0x000000a7c6b00000,0x000000a7c6c00000)]
  0x000001ce9bbd2f00 JavaThread "ForkJoinPool.commonPool-worker-6" daemon [_thread_blocked, id=17912, stack(0x000000a7c6c00000,0x000000a7c6d00000)]
  0x000001ce9bbd0880 JavaThread "ForkJoinPool.commonPool-worker-7" daemon [_thread_blocked, id=18184, stack(0x000000a7c6d00000,0x000000a7c6e00000)]
  0x000001ceff851d80 JavaThread "C2 CompilerThread2" daemon [_thread_in_native, id=15820, stack(0x000000a7c6e00000,0x000000a7c6f00000)]
  0x000001ce9bbcfee0 JavaThread "ForkJoinPool.commonPool-worker-8" daemon [_thread_blocked, id=16340, stack(0x000000a7c6f00000,0x000000a7c7000000)]
  0x000001ce9bbcfa10 JavaThread "ForkJoinPool.commonPool-worker-9" daemon [_thread_blocked, id=16676, stack(0x000000a7c7000000,0x000000a7c7100000)]
  0x000001ce9bbd4240 JavaThread "ForkJoinPool.commonPool-worker-10" daemon [_thread_blocked, id=15096, stack(0x000000a7c7100000,0x000000a7c7200000)]
  0x000001ce9bbd4be0 JavaThread "ForkJoinPool.commonPool-worker-11" daemon [_thread_blocked, id=2700, stack(0x000000a7c7200000,0x000000a7c7300000)]

Other Threads:
  0x000001ceff820a20 VMThread "VM Thread" [stack: 0x000000a7c3d00000,0x000000a7c3e00000] [id=10556]
  0x000001cef349f7f0 WatcherThread [stack: 0x000000a7c4800000,0x000000a7c4900000] [id=8664]
  0x000001cef347ec70 GCTaskThread "GC Thread#0" [stack: 0x000000a7c3800000,0x000000a7c3900000] [id=14828]
  0x000001ce9b7626b0 GCTaskThread "GC Thread#1" [stack: 0x000000a7c4a00000,0x000000a7c4b00000] [id=19020]
  0x000001ce9b7af730 GCTaskThread "GC Thread#2" [stack: 0x000000a7c4b00000,0x000000a7c4c00000] [id=6420]
  0x000001ce9b7cf680 GCTaskThread "GC Thread#3" [stack: 0x000000a7c4c00000,0x000000a7c4d00000] [id=15500]
  0x000001ce9b7cf930 GCTaskThread "GC Thread#4" [stack: 0x000000a7c4d00000,0x000000a7c4e00000] [id=16704]
  0x000001ce9be61ad0 GCTaskThread "GC Thread#5" [stack: 0x000000a7c6600000,0x000000a7c6700000] [id=17720]
  0x000001ce9bcc9610 GCTaskThread "GC Thread#6" [stack: 0x000000a7c6700000,0x000000a7c6800000] [id=13944]
  0x000001ce9bd8c590 GCTaskThread "GC Thread#7" [stack: 0x000000a7c6800000,0x000000a7c6900000] [id=6592]
  0x000001ce9bda1380 GCTaskThread "GC Thread#8" [stack: 0x000000a7c6900000,0x000000a7c6a00000] [id=3088]
  0x000001ce9bd8d350 GCTaskThread "GC Thread#9" [stack: 0x000000a7c6a00000,0x000000a7c6b00000] [id=9180]
  0x000001cef348f090 ConcurrentGCThread "G1 Main Marker" [stack: 0x000000a7c3900000,0x000000a7c3a00000] [id=19008]
  0x000001cef34901f0 ConcurrentGCThread "G1 Conc#0" [stack: 0x000000a7c3a00000,0x000000a7c3b00000] [id=14920]
  0x000001cef34ce070 ConcurrentGCThread "G1 Refine#0" [stack: 0x000000a7c3b00000,0x000000a7c3c00000] [id=14180]
  0x000001cef34ce740 ConcurrentGCThread "G1 Service" [stack: 0x000000a7c3c00000,0x000000a7c3d00000] [id=11872]

Threads with active compile tasks:
C2 CompilerThread0    12321 2148       4       jdk.internal.org.objectweb.asm.Frame::execute (2305 bytes)
C2 CompilerThread1    12321 1976   !   4       java.net.URL::<init> (543 bytes)
C2 CompilerThread2    12321 2253       4       java.lang.Long::parseLong (272 bytes)

VM state: not at safepoint (normal execution)

VM Mutex/Monitor currently owned by a thread: None

Heap address: 0x000000070a200000, size: 3934 MB, Compressed Oops mode: Zero based, Oop shift amount: 3

CDS archive(s) mapped at: [0x0000000800000000-0x0000000800bc0000-0x0000000800bc0000), size 12320768, SharedBaseAddress: 0x0000000800000000, ArchiveRelocationMode: 0.
Compressed class space mapped at: 0x0000000801000000-0x0000000841000000, reserved size: 1073741824
Narrow klass base: 0x0000000800000000, Narrow klass shift: 0, Narrow klass range: 0x100000000

GC Precious Log:
 CPUs: 12 total, 12 available
 Memory: 15733M
 Large Page Support: Disabled
 NUMA Support: Disabled
 Compressed Oops: Enabled (Zero based)
 Heap Region Size: 2M
 Heap Min Capacity: 8M
 Heap Initial Capacity: 246M
 Heap Max Capacity: 3934M
 Pre-touch: Disabled
 Parallel Workers: 10
 Concurrent Workers: 3
 Concurrent Refinement Workers: 10
 Periodic GC: Disabled

Heap:
 garbage-first heap   total 251904K, used 68801K [0x000000070a200000, 0x0000000800000000)
  region size 2048K, 31 young (63488K), 2 survivors (4096K)
 Metaspace       used 16047K, committed 16640K, reserved 1114112K
  class space    used 2220K, committed 2496K, reserved 1048576K

Heap Regions: E=young(eden), S=young(survivor), O=old, HS=humongous(starts), HC=humongous(continues), CS=collection set, F=free, OA=open archive, CA=closed archive, TAMS=top-at-mark-start (previous, next)
|   0|0x000000070a200000, 0x000000070a400000, 0x000000070a400000|100%|HS|  |TAMS 0x000000070a200000, 0x000000070a200000| Complete 
|   1|0x000000070a400000, 0x000000070a600000, 0x000000070a600000|100%| O|  |TAMS 0x000000070a400000, 0x000000070a400000| Untracked 
|   2|0x000000070a600000, 0x000000070a800000, 0x000000070a800000|100%| O|  |TAMS 0x000000070a600000, 0x000000070a600000| Untracked 
|   3|0x000000070a800000, 0x000000070a930400, 0x000000070aa00000| 59%| O|  |TAMS 0x000000070a800000, 0x000000070a800000| Untracked 
|   4|0x000000070aa00000, 0x000000070aa00000, 0x000000070ac00000|  0%| F|  |TAMS 0x000000070aa00000, 0x000000070aa00000| Untracked 
|   5|0x000000070ac00000, 0x000000070ac00000, 0x000000070ae00000|  0%| F|  |TAMS 0x000000070ac00000, 0x000000070ac00000| Untracked 
|   6|0x000000070ae00000, 0x000000070ae00000, 0x000000070b000000|  0%| F|  |TAMS 0x000000070ae00000, 0x000000070ae00000| Untracked 
|   7|0x000000070b000000, 0x000000070b000000, 0x000000070b200000|  0%| F|  |TAMS 0x000000070b000000, 0x000000070b000000| Untracked 
|   8|0x000000070b200000, 0x000000070b200000, 0x000000070b400000|  0%| F|  |TAMS 0x000000070b200000, 0x000000070b200000| Untracked 
|   9|0x000000070b400000, 0x000000070b400000, 0x000000070b600000|  0%| F|  |TAMS 0x000000070b400000, 0x000000070b400000| Untracked 
|  10|0x000000070b600000, 0x000000070b600000, 0x000000070b800000|  0%| F|  |TAMS 0x000000070b600000, 0x000000070b600000| Untracked 
|  11|0x000000070b800000, 0x000000070b800000, 0x000000070ba00000|  0%| F|  |TAMS 0x000000070b800000, 0x000000070b800000| Untracked 
|  12|0x000000070ba00000, 0x000000070ba00000, 0x000000070bc00000|  0%| F|  |TAMS 0x000000070ba00000, 0x000000070ba00000| Untracked 
|  13|0x000000070bc00000, 0x000000070bc00000, 0x000000070be00000|  0%| F|  |TAMS 0x000000070bc00000, 0x000000070bc00000| Untracked 
|  14|0x000000070be00000, 0x000000070be00000, 0x000000070c000000|  0%| F|  |TAMS 0x000000070be00000, 0x000000070be00000| Untracked 
|  15|0x000000070c000000, 0x000000070c000000, 0x000000070c200000|  0%| F|  |TAMS 0x000000070c000000, 0x000000070c000000| Untracked 
|  16|0x000000070c200000, 0x000000070c200000, 0x000000070c400000|  0%| F|  |TAMS 0x000000070c200000, 0x000000070c200000| Untracked 
|  17|0x000000070c400000, 0x000000070c400000, 0x000000070c600000|  0%| F|  |TAMS 0x000000070c400000, 0x000000070c400000| Untracked 
|  18|0x000000070c600000, 0x000000070c600000, 0x000000070c800000|  0%| F|  |TAMS 0x000000070c600000, 0x000000070c600000| Untracked 
|  19|0x000000070c800000, 0x000000070c800000, 0x000000070ca00000|  0%| F|  |TAMS 0x000000070c800000, 0x000000070c800000| Untracked 
|  20|0x000000070ca00000, 0x000000070ca00000, 0x000000070cc00000|  0%| F|  |TAMS 0x000000070ca00000, 0x000000070ca00000| Untracked 
|  21|0x000000070cc00000, 0x000000070cc00000, 0x000000070ce00000|  0%| F|  |TAMS 0x000000070cc00000, 0x000000070cc00000| Untracked 
|  22|0x000000070ce00000, 0x000000070ce00000, 0x000000070d000000|  0%| F|  |TAMS 0x000000070ce00000, 0x000000070ce00000| Untracked 
|  23|0x000000070d000000, 0x000000070d000000, 0x000000070d200000|  0%| F|  |TAMS 0x000000070d000000, 0x000000070d000000| Untracked 
|  24|0x000000070d200000, 0x000000070d200000, 0x000000070d400000|  0%| F|  |TAMS 0x000000070d200000, 0x000000070d200000| Untracked 
|  25|0x000000070d400000, 0x000000070d400000, 0x000000070d600000|  0%| F|  |TAMS 0x000000070d400000, 0x000000070d400000| Untracked 
|  26|0x000000070d600000, 0x000000070d600000, 0x000000070d800000|  0%| F|  |TAMS 0x000000070d600000, 0x000000070d600000| Untracked 
|  27|0x000000070d800000, 0x000000070d800000, 0x000000070da00000|  0%| F|  |TAMS 0x000000070d800000, 0x000000070d800000| Untracked 
|  28|0x000000070da00000, 0x000000070da00000, 0x000000070dc00000|  0%| F|  |TAMS 0x000000070da00000, 0x000000070da00000| Untracked 
|  29|0x000000070dc00000, 0x000000070dc00000, 0x000000070de00000|  0%| F|  |TAMS 0x000000070dc00000, 0x000000070dc00000| Untracked 
|  30|0x000000070de00000, 0x000000070de00000, 0x000000070e000000|  0%| F|  |TAMS 0x000000070de00000, 0x000000070de00000| Untracked 
|  31|0x000000070e000000, 0x000000070e000000, 0x000000070e200000|  0%| F|  |TAMS 0x000000070e000000, 0x000000070e000000| Untracked 
|  32|0x000000070e200000, 0x000000070e200000, 0x000000070e400000|  0%| F|  |TAMS 0x000000070e200000, 0x000000070e200000| Untracked 
|  33|0x000000070e400000, 0x000000070e400000, 0x000000070e600000|  0%| F|  |TAMS 0x000000070e400000, 0x000000070e400000| Untracked 
|  34|0x000000070e600000, 0x000000070e600000, 0x000000070e800000|  0%| F|  |TAMS 0x000000070e600000, 0x000000070e600000| Untracked 
|  35|0x000000070e800000, 0x000000070e800000, 0x000000070ea00000|  0%| F|  |TAMS 0x000000070e800000, 0x000000070e800000| Untracked 
|  36|0x000000070ea00000, 0x000000070ea00000, 0x000000070ec00000|  0%| F|  |TAMS 0x000000070ea00000, 0x000000070ea00000| Untracked 
|  37|0x000000070ec00000, 0x000000070ec00000, 0x000000070ee00000|  0%| F|  |TAMS 0x000000070ec00000, 0x000000070ec00000| Untracked 
|  38|0x000000070ee00000, 0x000000070ee00000, 0x000000070f000000|  0%| F|  |TAMS 0x000000070ee00000, 0x000000070ee00000| Untracked 
|  39|0x000000070f000000, 0x000000070f000000, 0x000000070f200000|  0%| F|  |TAMS 0x000000070f000000, 0x000000070f000000| Untracked 
|  40|0x000000070f200000, 0x000000070f200000, 0x000000070f400000|  0%| F|  |TAMS 0x000000070f200000, 0x000000070f200000| Untracked 
|  41|0x000000070f400000, 0x000000070f400000, 0x000000070f600000|  0%| F|  |TAMS 0x000000070f400000, 0x000000070f400000| Untracked 
|  42|0x000000070f600000, 0x000000070f600000, 0x000000070f800000|  0%| F|  |TAMS 0x000000070f600000, 0x000000070f600000| Untracked 
|  43|0x000000070f800000, 0x000000070f800000, 0x000000070fa00000|  0%| F|  |TAMS 0x000000070f800000, 0x000000070f800000| Untracked 
|  44|0x000000070fa00000, 0x000000070fa00000, 0x000000070fc00000|  0%| F|  |TAMS 0x000000070fa00000, 0x000000070fa00000| Untracked 
|  45|0x000000070fc00000, 0x000000070fc00000, 0x000000070fe00000|  0%| F|  |TAMS 0x000000070fc00000, 0x000000070fc00000| Untracked 
|  46|0x000000070fe00000, 0x000000070fe00000, 0x0000000710000000|  0%| F|  |TAMS 0x000000070fe00000, 0x000000070fe00000| Untracked 
|  47|0x0000000710000000, 0x0000000710000000, 0x0000000710200000|  0%| F|  |TAMS 0x0000000710000000, 0x0000000710000000| Untracked 
|  48|0x0000000710200000, 0x0000000710200000, 0x0000000710400000|  0%| F|  |TAMS 0x0000000710200000, 0x0000000710200000| Untracked 
|  49|0x0000000710400000, 0x0000000710400000, 0x0000000710600000|  0%| F|  |TAMS 0x0000000710400000, 0x0000000710400000| Untracked 
|  50|0x0000000710600000, 0x0000000710600000, 0x0000000710800000|  0%| F|  |TAMS 0x0000000710600000, 0x0000000710600000| Untracked 
|  51|0x0000000710800000, 0x0000000710800000, 0x0000000710a00000|  0%| F|  |TAMS 0x0000000710800000, 0x0000000710800000| Untracked 
|  52|0x0000000710a00000, 0x0000000710a00000, 0x0000000710c00000|  0%| F|  |TAMS 0x0000000710a00000, 0x0000000710a00000| Untracked 
|  53|0x0000000710c00000, 0x0000000710c00000, 0x0000000710e00000|  0%| F|  |TAMS 0x0000000710c00000, 0x0000000710c00000| Untracked 
|  54|0x0000000710e00000, 0x0000000710e00000, 0x0000000711000000|  0%| F|  |TAMS 0x0000000710e00000, 0x0000000710e00000| Untracked 
|  55|0x0000000711000000, 0x0000000711000000, 0x0000000711200000|  0%| F|  |TAMS 0x0000000711000000, 0x0000000711000000| Untracked 
|  56|0x0000000711200000, 0x0000000711200000, 0x0000000711400000|  0%| F|  |TAMS 0x0000000711200000, 0x0000000711200000| Untracked 
|  57|0x0000000711400000, 0x0000000711400000, 0x0000000711600000|  0%| F|  |TAMS 0x0000000711400000, 0x0000000711400000| Untracked 
|  58|0x0000000711600000, 0x0000000711600000, 0x0000000711800000|  0%| F|  |TAMS 0x0000000711600000, 0x0000000711600000| Untracked 
|  59|0x0000000711800000, 0x0000000711800000, 0x0000000711a00000|  0%| F|  |TAMS 0x0000000711800000, 0x0000000711800000| Untracked 
|  60|0x0000000711a00000, 0x0000000711a00000, 0x0000000711c00000|  0%| F|  |TAMS 0x0000000711a00000, 0x0000000711a00000| Untracked 
|  61|0x0000000711c00000, 0x0000000711c00000, 0x0000000711e00000|  0%| F|  |TAMS 0x0000000711c00000, 0x0000000711c00000| Untracked 
|  62|0x0000000711e00000, 0x0000000711e00000, 0x0000000712000000|  0%| F|  |TAMS 0x0000000711e00000, 0x0000000711e00000| Untracked 
|  63|0x0000000712000000, 0x0000000712000000, 0x0000000712200000|  0%| F|  |TAMS 0x0000000712000000, 0x0000000712000000| Untracked 
|  64|0x0000000712200000, 0x0000000712200000, 0x0000000712400000|  0%| F|  |TAMS 0x0000000712200000, 0x0000000712200000| Untracked 
|  65|0x0000000712400000, 0x0000000712400000, 0x0000000712600000|  0%| F|  |TAMS 0x0000000712400000, 0x0000000712400000| Untracked 
|  66|0x0000000712600000, 0x0000000712600000, 0x0000000712800000|  0%| F|  |TAMS 0x0000000712600000, 0x0000000712600000| Untracked 
|  67|0x0000000712800000, 0x0000000712800000, 0x0000000712a00000|  0%| F|  |TAMS 0x0000000712800000, 0x0000000712800000| Untracked 
|  68|0x0000000712a00000, 0x0000000712a00000, 0x0000000712c00000|  0%| F|  |TAMS 0x0000000712a00000, 0x0000000712a00000| Untracked 
|  69|0x0000000712c00000, 0x0000000712c00000, 0x0000000712e00000|  0%| F|  |TAMS 0x0000000712c00000, 0x0000000712c00000| Untracked 
|  70|0x0000000712e00000, 0x0000000712e00000, 0x0000000713000000|  0%| F|  |TAMS 0x0000000712e00000, 0x0000000712e00000| Untracked 
|  71|0x0000000713000000, 0x0000000713000000, 0x0000000713200000|  0%| F|  |TAMS 0x0000000713000000, 0x0000000713000000| Untracked 
|  72|0x0000000713200000, 0x0000000713200000, 0x0000000713400000|  0%| F|  |TAMS 0x0000000713200000, 0x0000000713200000| Untracked 
|  73|0x0000000713400000, 0x0000000713400000, 0x0000000713600000|  0%| F|  |TAMS 0x0000000713400000, 0x0000000713400000| Untracked 
|  74|0x0000000713600000, 0x0000000713600000, 0x0000000713800000|  0%| F|  |TAMS 0x0000000713600000, 0x0000000713600000| Untracked 
|  75|0x0000000713800000, 0x0000000713800000, 0x0000000713a00000|  0%| F|  |TAMS 0x0000000713800000, 0x0000000713800000| Untracked 
|  76|0x0000000713a00000, 0x0000000713a00000, 0x0000000713c00000|  0%| F|  |TAMS 0x0000000713a00000, 0x0000000713a00000| Untracked 
|  77|0x0000000713c00000, 0x0000000713c00000, 0x0000000713e00000|  0%| F|  |TAMS 0x0000000713c00000, 0x0000000713c00000| Untracked 
|  78|0x0000000713e00000, 0x0000000713e00000, 0x0000000714000000|  0%| F|  |TAMS 0x0000000713e00000, 0x0000000713e00000| Untracked 
|  79|0x0000000714000000, 0x0000000714000000, 0x0000000714200000|  0%| F|  |TAMS 0x0000000714000000, 0x0000000714000000| Untracked 
|  80|0x0000000714200000, 0x0000000714200000, 0x0000000714400000|  0%| F|  |TAMS 0x0000000714200000, 0x0000000714200000| Untracked 
|  81|0x0000000714400000, 0x0000000714400000, 0x0000000714600000|  0%| F|  |TAMS 0x0000000714400000, 0x0000000714400000| Untracked 
|  82|0x0000000714600000, 0x0000000714600000, 0x0000000714800000|  0%| F|  |TAMS 0x0000000714600000, 0x0000000714600000| Untracked 
|  83|0x0000000714800000, 0x0000000714800000, 0x0000000714a00000|  0%| F|  |TAMS 0x0000000714800000, 0x0000000714800000| Untracked 
|  84|0x0000000714a00000, 0x0000000714a00000, 0x0000000714c00000|  0%| F|  |TAMS 0x0000000714a00000, 0x0000000714a00000| Untracked 
|  85|0x0000000714c00000, 0x0000000714c00000, 0x0000000714e00000|  0%| F|  |TAMS 0x0000000714c00000, 0x0000000714c00000| Untracked 
|  86|0x0000000714e00000, 0x0000000714e00000, 0x0000000715000000|  0%| F|  |TAMS 0x0000000714e00000, 0x0000000714e00000| Untracked 
|  87|0x0000000715000000, 0x0000000715000000, 0x0000000715200000|  0%| F|  |TAMS 0x0000000715000000, 0x0000000715000000| Untracked 
|  88|0x0000000715200000, 0x0000000715200000, 0x0000000715400000|  0%| F|  |TAMS 0x0000000715200000, 0x0000000715200000| Untracked 
|  89|0x0000000715400000, 0x0000000715400000, 0x0000000715600000|  0%| F|  |TAMS 0x0000000715400000, 0x0000000715400000| Untracked 
|  90|0x0000000715600000, 0x0000000715600000, 0x0000000715800000|  0%| F|  |TAMS 0x0000000715600000, 0x0000000715600000| Untracked 
|  91|0x0000000715800000, 0x0000000715800000, 0x0000000715a00000|  0%| F|  |TAMS 0x0000000715800000, 0x0000000715800000| Untracked 
|  92|0x0000000715a00000, 0x0000000715b22188, 0x0000000715c00000| 56%| E|  |TAMS 0x0000000715a00000, 0x0000000715a00000| Complete 
|  93|0x0000000715c00000, 0x0000000715e00000, 0x0000000715e00000|100%| E|CS|TAMS 0x0000000715c00000, 0x0000000715c00000| Complete 
|  94|0x0000000715e00000, 0x0000000716000000, 0x0000000716000000|100%| E|CS|TAMS 0x0000000715e00000, 0x0000000715e00000| Complete 
|  95|0x0000000716000000, 0x0000000716200000, 0x0000000716200000|100%| E|CS|TAMS 0x0000000716000000, 0x0000000716000000| Complete 
|  96|0x0000000716200000, 0x0000000716400000, 0x0000000716400000|100%| E|CS|TAMS 0x0000000716200000, 0x0000000716200000| Complete 
|  97|0x0000000716400000, 0x0000000716600000, 0x0000000716600000|100%| E|CS|TAMS 0x0000000716400000, 0x0000000716400000| Complete 
|  98|0x0000000716600000, 0x0000000716800000, 0x0000000716800000|100%| E|CS|TAMS 0x0000000716600000, 0x0000000716600000| Complete 
|  99|0x0000000716800000, 0x0000000716a00000, 0x0000000716a00000|100%| E|CS|TAMS 0x0000000716800000, 0x0000000716800000| Complete 
| 100|0x0000000716a00000, 0x0000000716c00000, 0x0000000716c00000|100%| E|CS|TAMS 0x0000000716a00000, 0x0000000716a00000| Complete 
| 101|0x0000000716c00000, 0x0000000716e00000, 0x0000000716e00000|100%| E|CS|TAMS 0x0000000716c00000, 0x0000000716c00000| Complete 
| 102|0x0000000716e00000, 0x0000000717000000, 0x0000000717000000|100%| E|CS|TAMS 0x0000000716e00000, 0x0000000716e00000| Complete 
| 103|0x0000000717000000, 0x0000000717200000, 0x0000000717200000|100%| E|CS|TAMS 0x0000000717000000, 0x0000000717000000| Complete 
| 104|0x0000000717200000, 0x0000000717400000, 0x0000000717400000|100%| E|CS|TAMS 0x0000000717200000, 0x0000000717200000| Complete 
| 105|0x0000000717400000, 0x0000000717600000, 0x0000000717600000|100%| S|CS|TAMS 0x0000000717400000, 0x0000000717400000| Complete 
| 106|0x0000000717600000, 0x0000000717800000, 0x0000000717800000|100%| S|CS|TAMS 0x0000000717600000, 0x0000000717600000| Complete 
| 107|0x0000000717800000, 0x0000000717a00000, 0x0000000717a00000|100%| E|CS|TAMS 0x0000000717800000, 0x0000000717800000| Complete 
| 108|0x0000000717a00000, 0x0000000717c00000, 0x0000000717c00000|100%| E|CS|TAMS 0x0000000717a00000, 0x0000000717a00000| Complete 
| 109|0x0000000717c00000, 0x0000000717e00000, 0x0000000717e00000|100%| E|CS|TAMS 0x0000000717c00000, 0x0000000717c00000| Complete 
| 110|0x0000000717e00000, 0x0000000718000000, 0x0000000718000000|100%| E|CS|TAMS 0x0000000717e00000, 0x0000000717e00000| Complete 
| 111|0x0000000718000000, 0x0000000718200000, 0x0000000718200000|100%| E|CS|TAMS 0x0000000718000000, 0x0000000718000000| Complete 
| 112|0x0000000718200000, 0x0000000718400000, 0x0000000718400000|100%| E|CS|TAMS 0x0000000718200000, 0x0000000718200000| Complete 
| 113|0x0000000718400000, 0x0000000718600000, 0x0000000718600000|100%| E|CS|TAMS 0x0000000718400000, 0x0000000718400000| Complete 
| 114|0x0000000718600000, 0x0000000718800000, 0x0000000718800000|100%| E|CS|TAMS 0x0000000718600000, 0x0000000718600000| Complete 
| 115|0x0000000718800000, 0x0000000718a00000, 0x0000000718a00000|100%| E|CS|TAMS 0x0000000718800000, 0x0000000718800000| Complete 
| 116|0x0000000718a00000, 0x0000000718c00000, 0x0000000718c00000|100%| E|CS|TAMS 0x0000000718a00000, 0x0000000718a00000| Complete 
| 117|0x0000000718c00000, 0x0000000718e00000, 0x0000000718e00000|100%| E|CS|TAMS 0x0000000718c00000, 0x0000000718c00000| Complete 
| 118|0x0000000718e00000, 0x0000000719000000, 0x0000000719000000|100%| E|CS|TAMS 0x0000000718e00000, 0x0000000718e00000| Complete 
| 119|0x0000000719000000, 0x0000000719200000, 0x0000000719200000|100%| E|CS|TAMS 0x0000000719000000, 0x0000000719000000| Complete 
| 120|0x0000000719200000, 0x0000000719400000, 0x0000000719400000|100%| E|CS|TAMS 0x0000000719200000, 0x0000000719200000| Complete 
| 121|0x0000000719400000, 0x0000000719600000, 0x0000000719600000|100%| E|CS|TAMS 0x0000000719400000, 0x0000000719400000| Complete 
| 122|0x0000000719600000, 0x0000000719800000, 0x0000000719800000|100%| E|CS|TAMS 0x0000000719600000, 0x0000000719600000| Complete 

Card table byte_map: [0x000001cefbc10000,0x000001cefc3c0000] _byte_map_base: 0x000001cef83bf000

Marking Bits (Prev, Next): (CMBitMap*) 0x000001cef347f190, (CMBitMap*) 0x000001cef347f1d0
 Prev Bits: [0x000001ce8f000000, 0x000001ce92d78000)
 Next Bits: [0x000001ce92d80000, 0x000001ce96af8000)

Polling page: 0x000001cef2bd0000

Metaspace:

Usage:
  Non-class:     13.58 MB used.
      Class:      2.17 MB used.
       Both:     15.75 MB used.

Virtual space:
  Non-class space:       64.00 MB reserved,      13.94 MB ( 22%) committed,  1 nodes.
      Class space:        1.00 GB reserved,       2.44 MB ( <1%) committed,  1 nodes.
             Both:        1.06 GB reserved,      16.38 MB (  2%) committed. 

Chunk freelists:
   Non-Class:  1.48 MB
       Class:  13.50 MB
        Both:  14.98 MB

MaxMetaspaceSize: unlimited
CompressedClassSpaceSize: 1.00 GB
Initial GC threshold: 21.00 MB
Current GC threshold: 21.00 MB
CDS: on
MetaspaceReclaimPolicy: balanced
 - commit_granule_bytes: 65536.
 - commit_granule_words: 8192.
 - virtual_space_node_default_size: 8388608.
 - enlarge_chunks_in_place: 1.
 - new_chunks_are_fully_committed: 0.
 - uncommit_free_chunks: 1.
 - use_allocation_guard: 0.
 - handle_deallocations: 1.


Internal statistics:

num_allocs_failed_limit: 0.
num_arena_births: 842.
num_arena_deaths: 0.
num_vsnodes_births: 2.
num_vsnodes_deaths: 0.
num_space_committed: 262.
num_space_uncommitted: 0.
num_chunks_returned_to_freelist: 0.
num_chunks_taken_from_freelist: 1598.
num_chunk_merges: 0.
num_chunk_splits: 939.
num_chunks_enlarged: 402.
num_inconsistent_stats: 0.

CodeHeap 'non-profiled nmethods': size=120000Kb used=986Kb max_used=986Kb free=119013Kb
 bounds [0x000001ce87ad0000, 0x000001ce87d40000, 0x000001ce8f000000]
CodeHeap 'profiled nmethods': size=120000Kb used=4624Kb max_used=4624Kb free=115375Kb
 bounds [0x000001ce80000000, 0x000001ce80490000, 0x000001ce87530000]
CodeHeap 'non-nmethods': size=5760Kb used=1248Kb max_used=1282Kb free=4511Kb
 bounds [0x000001ce87530000, 0x000001ce877a0000, 0x000001ce87ad0000]
 total_blobs=2806 nmethods=2241 adapters=477
 compilation: enabled
              stopped_count=0, restarted_count=0
 full_count=0

Compilation events (20 events):
Event: 12.258 Thread 0x000001ceff850430 2243       3       java.lang.Double::isInfinite (22 bytes)
Event: 12.258 Thread 0x000001ceff850430 nmethod 2243 0x000001ce8047e410 code [0x000001ce8047e5c0, 0x000001ce8047e798]
Event: 12.258 Thread 0x000001ceff850430 2244       3       java.lang.Double::isNaN (8 bytes)
Event: 12.258 Thread 0x000001ceff850430 nmethod 2244 0x000001ce8047e810 code [0x000001ce8047e9a0, 0x000001ce8047eb98]
Event: 12.258 Thread 0x000001ceff850430 2203       3       java.lang.invoke.InvokerBytecodeGenerator::lookupPregenerated (294 bytes)
Event: 12.259 Thread 0x000001ceff850430 nmethod 2203 0x000001ce8047ec90 code [0x000001ce8047f020, 0x000001ce80480668]
Event: 12.259 Thread 0x000001ceff850430 2165       3       sun.invoke.util.Wrapper::isSingleWord (15 bytes)
Event: 12.259 Thread 0x000001ceff850430 nmethod 2165 0x000001ce80480c90 code [0x000001ce80480e20, 0x000001ce80480f98]
Event: 12.259 Thread 0x000001ceff850430 2250       3       java.nio.Buffer::flip (20 bytes)
Event: 12.260 Thread 0x000001ceff850430 nmethod 2250 0x000001ce80481010 code [0x000001ce804811a0, 0x000001ce804812b8]
Event: 12.260 Thread 0x000001ceff850430 2172       3       jdk.internal.reflect.ReflectionFactory::inflationThreshold (4 bytes)
Event: 12.260 Thread 0x000001ceff850430 nmethod 2172 0x000001ce80481390 code [0x000001ce80481520, 0x000001ce80481618]
Event: 12.260 Thread 0x000001ceff850430 2251       3       java.nio.ByteBuffer::flip (7 bytes)
Event: 12.260 Thread 0x000001ceff850430 nmethod 2251 0x000001ce80481690 code [0x000001ce80481820, 0x000001ce80481998]
Event: 12.262 Thread 0x000001ceff850430 2252       3       java.nio.Buffer::remaining (20 bytes)
Event: 12.262 Thread 0x000001ceff850430 nmethod 2252 0x000001ce80481a90 code [0x000001ce80481c20, 0x000001ce80481db8]
Event: 12.265 Thread 0x000001ceff850430 2255   !   3       sun.nio.cs.StreamDecoder::readBytes (271 bytes)
Event: 12.265 Thread 0x000001ceff850430 nmethod 2255 0x000001ce80481e90 code [0x000001ce804821a0, 0x000001ce80483228]
Event: 12.265 Thread 0x000001ceff850430 2254   !   3       sun.nio.cs.StreamDecoder::inReady (36 bytes)
Event: 12.266 Thread 0x000001ceff850430 nmethod 2254 0x000001ce80483a90 code [0x000001ce80483c60, 0x000001ce804840a8]

GC Heap History (4 events):
Event: 0.600 GC heap before
{Heap before GC invocations=0 (full 0):
 garbage-first heap   total 251904K, used 24576K [0x000000070a200000, 0x0000000800000000)
  region size 2048K, 11 young (22528K), 0 survivors (0K)
 Metaspace       used 6075K, committed 6272K, reserved 1114112K
  class space    used 738K, committed 832K, reserved 1048576K
}
Event: 0.604 GC heap after
{Heap after GC invocations=1 (full 0):
 garbage-first heap   total 251904K, used 6133K [0x000000070a200000, 0x0000000800000000)
  region size 2048K, 2 young (4096K), 2 survivors (4096K)
 Metaspace       used 6075K, committed 6272K, reserved 1114112K
  class space    used 738K, committed 832K, reserved 1048576K
}
Event: 11.937 GC heap before
{Heap before GC invocations=1 (full 0):
 garbage-first heap   total 251904K, used 32757K [0x000000070a200000, 0x0000000800000000)
  region size 2048K, 16 young (32768K), 2 survivors (4096K)
 Metaspace       used 11998K, committed 12224K, reserved 1114112K
  class space    used 1474K, committed 1600K, reserved 1048576K
}
Event: 11.943 GC heap after
{Heap after GC invocations=2 (full 0):
 garbage-first heap   total 251904K, used 11457K [0x000000070a200000, 0x0000000800000000)
  region size 2048K, 2 young (4096K), 2 survivors (4096K)
 Metaspace       used 11998K, committed 12224K, reserved 1114112K
  class space    used 1474K, committed 1600K, reserved 1048576K
}

Dll operation events (10 events):
Event: 0.007 Loaded shared library C:\Users\yakim\.jdks\corretto-17.0.7\bin\java.dll
Event: 0.018 Loaded shared library C:\Users\yakim\.jdks\corretto-17.0.7\bin\jsvml.dll
Event: 0.112 Loaded shared library C:\Users\yakim\.jdks\corretto-17.0.7\bin\net.dll
Event: 0.114 Loaded shared library C:\Users\yakim\.jdks\corretto-17.0.7\bin\nio.dll
Event: 0.120 Loaded shared library C:\Users\yakim\.jdks\corretto-17.0.7\bin\zip.dll
Event: 0.200 Loaded shared library C:\Users\yakim\.jdks\corretto-17.0.7\bin\jimage.dll
Event: 0.319 Loaded shared library C:\Users\yakim\.jdks\corretto-17.0.7\bin\management.dll
Event: 0.323 Loaded shared library C:\Users\yakim\.jdks\corretto-17.0.7\bin\management_ext.dll
Event: 0.696 Loaded shared library C:\Users\yakim\.jdks\corretto-17.0.7\bin\sunmscapi.dll
Event: 0.935 Loaded shared library C:\Users\yakim\AppData\Local\Temp\jansi-2.4.0-262181a411b34d4-jansi.dll

Deoptimization events (20 events):
Event: 12.149 Thread 0x000001ce9bbe3d20 Uncommon trap: trap_request=0xffffffc6 fr.pc=0x000001ce87b5dd4c relative=0x000000000000058c
Event: 12.149 Thread 0x000001ce9bbe3d20 Uncommon trap: reason=bimorphic_or_optimized_type_check action=maybe_recompile pc=0x000001ce87b5dd4c method=java.util.HashMap.getNode(Ljava/lang/Object;)Ljava/util/HashMap$Node; @ 128 c2
Event: 12.149 Thread 0x000001ce9bbe3d20 DEOPT PACKING pc=0x000001ce87b5dd4c sp=0x000000a7c62fdb30
Event: 12.149 Thread 0x000001ce9bbe3d20 DEOPT UNPACKING pc=0x000001ce875869a3 sp=0x000000a7c62fda48 mode 2
Event: 12.149 Thread 0x000001ce9bbe3d20 Uncommon trap: trap_request=0xffffffc6 fr.pc=0x000001ce87b4425c relative=0x000000000000059c
Event: 12.149 Thread 0x000001ce9bbe3d20 Uncommon trap: reason=bimorphic_or_optimized_type_check action=maybe_recompile pc=0x000001ce87b4425c method=java.util.HashMap.getNode(Ljava/lang/Object;)Ljava/util/HashMap$Node; @ 128 c2
Event: 12.149 Thread 0x000001ce9bbe3d20 DEOPT PACKING pc=0x000001ce87b4425c sp=0x000000a7c62fdac0
Event: 12.149 Thread 0x000001ce9bbe3d20 DEOPT UNPACKING pc=0x000001ce875869a3 sp=0x000000a7c62fda48 mode 2
Event: 12.200 Thread 0x000001ce9bbd6d90 Uncommon trap: trap_request=0xffffff45 fr.pc=0x000001ce87b85be0 relative=0x0000000000000620
Event: 12.200 Thread 0x000001ce9bbd6d90 Uncommon trap: reason=unstable_if action=reinterpret pc=0x000001ce87b85be0 method=java.util.concurrent.ForkJoinPool.scan(Ljava/util/concurrent/ForkJoinPool$WorkQueue;II)I @ 181 c2
Event: 12.200 Thread 0x000001ce9bbd6d90 DEOPT PACKING pc=0x000001ce87b85be0 sp=0x000000a7c6bff400
Event: 12.200 Thread 0x000001ce9bbd6d90 DEOPT UNPACKING pc=0x000001ce875869a3 sp=0x000000a7c6bff398 mode 2
Event: 12.201 Thread 0x000001ce9bbe3d20 Uncommon trap: trap_request=0xffffff45 fr.pc=0x000001ce87b465dc relative=0x00000000000012fc
Event: 12.201 Thread 0x000001ce9bbe3d20 Uncommon trap: reason=unstable_if action=reinterpret pc=0x000001ce87b465dc method=java.util.concurrent.ConcurrentHashMap.transfer([Ljava/util/concurrent/ConcurrentHashMap$Node;[Ljava/util/concurrent/ConcurrentHashMap$Node;)V @ 352 c2
Event: 12.201 Thread 0x000001ce9bbe3d20 DEOPT PACKING pc=0x000001ce87b465dc sp=0x000000a7c62fe6a0
Event: 12.201 Thread 0x000001ce9bbe3d20 DEOPT UNPACKING pc=0x000001ce875869a3 sp=0x000000a7c62fe628 mode 2
Event: 12.217 Thread 0x000001ce9bbd4be0 Uncommon trap: trap_request=0xffffff45 fr.pc=0x000001ce87b98914 relative=0x0000000000003d74
Event: 12.217 Thread 0x000001ce9bbd4be0 Uncommon trap: reason=unstable_if action=reinterpret pc=0x000001ce87b98914 method=java.lang.invoke.MethodType.checkPtypes([Ljava/lang/Class;)I @ 47 c2
Event: 12.217 Thread 0x000001ce9bbd4be0 DEOPT PACKING pc=0x000001ce87b98914 sp=0x000000a7c72fc860
Event: 12.217 Thread 0x000001ce9bbd4be0 DEOPT UNPACKING pc=0x000001ce875869a3 sp=0x000000a7c72fc800 mode 2

Classes unloaded (0 events):
No events

Classes redefined (0 events):
No events

Internal exceptions (20 events):
Event: 12.241 Thread 0x000001ce9bbcfee0 Exception <a 'java/lang/NoSuchMethodError'{0x000000071823a020}: 'java.lang.Object java.lang.invoke.DirectMethodHandle$Holder.invokeSpecial(java.lang.Object, java.lang.Object, java.lang.Object, long, java.lang.Object)'> (0x000000071823a020) 
thrown [s\src\hotspot\share\interpreter\linkResolver.cpp, line 759]
Event: 12.241 Thread 0x000001ce9bbcf540 Exception <a 'java/lang/NoSuchMethodError'{0x000000071858d738}: 'java.lang.Object java.lang.invoke.DirectMethodHandle$Holder.invokeSpecial(java.lang.Object, java.lang.Object, java.lang.Object, long, java.lang.Object)'> (0x000000071858d738) 
thrown [s\src\hotspot\share\interpreter\linkResolver.cpp, line 759]
Event: 12.241 Thread 0x000001ce9bbd4240 Exception <a 'java/lang/NoSuchMethodError'{0x00000007183271e0}: 'java.lang.Object java.lang.invoke.DirectMethodHandle$Holder.invokeSpecial(java.lang.Object, java.lang.Object, java.lang.Object, long, java.lang.Object)'> (0x00000007183271e0) 
thrown [s\src\hotspot\share\interpreter\linkResolver.cpp, line 759]
Event: 12.241 Thread 0x000001ce9b830010 Exception <a 'java/lang/NoSuchMethodError'{0x00000007185db5d8}: 'java.lang.Object java.lang.invoke.DirectMethodHandle$Holder.invokeSpecial(java.lang.Object, java.lang.Object, java.lang.Object, long, java.lang.Object)'> (0x00000007185db5d8) 
thrown [s\src\hotspot\share\interpreter\linkResolver.cpp, line 759]
Event: 12.241 Thread 0x000001ce9bbd0880 Exception <a 'java/lang/NoSuchMethodError'{0x00000007182eb7e0}: 'java.lang.Object java.lang.invoke.DirectMethodHandle$Holder.invokeSpecial(java.lang.Object, java.lang.Object, java.lang.Object, long, java.lang.Object)'> (0x00000007182eb7e0) 
thrown [s\src\hotspot\share\interpreter\linkResolver.cpp, line 759]
Event: 12.241 Thread 0x000001ce9bbd4be0 Exception <a 'java/lang/NoSuchMethodError'{0x00000007182caee0}: 'java.lang.Object java.lang.invoke.DirectMethodHandle$Holder.invokeSpecial(java.lang.Object, java.lang.Object, java.lang.Object, long, java.lang.Object)'> (0x00000007182caee0) 
thrown [s\src\hotspot\share\interpreter\linkResolver.cpp, line 759]
Event: 12.241 Thread 0x000001ce9b830d00 Exception <a 'java/lang/NoSuchMethodError'{0x000000071827a0a8}: 'java.lang.Object java.lang.invoke.DirectMethodHandle$Holder.invokeSpecial(java.lang.Object, java.lang.Object, java.lang.Object, long, java.lang.Object)'> (0x000000071827a0a8) 
thrown [s\src\hotspot\share\interpreter\linkResolver.cpp, line 759]
Event: 12.241 Thread 0x000001ce9bbd6d90 Exception <a 'java/lang/NoSuchMethodError'{0x000000071825a638}: 'java.lang.Object java.lang.invoke.DirectMethodHandle$Holder.invokeSpecial(java.lang.Object, java.lang.Object, java.lang.Object, long, java.lang.Object)'> (0x000000071825a638) 
thrown [s\src\hotspot\share\interpreter\linkResolver.cpp, line 759]
Event: 12.241 Thread 0x000001ce9bbd2f00 Exception <a 'java/lang/NoSuchMethodError'{0x000000071830be38}: 'java.lang.Object java.lang.invoke.DirectMethodHandle$Holder.invokeSpecial(java.lang.Object, java.lang.Object, java.lang.Object, long, java.lang.Object)'> (0x000000071830be38) 
thrown [s\src\hotspot\share\interpreter\linkResolver.cpp, line 759]
Event: 12.241 Thread 0x000001ce9bbcfa10 Exception <a 'java/lang/NoSuchMethodError'{0x000000071834a7a8}: 'java.lang.Object java.lang.invoke.Invokers$Holder.linkToTargetMethod(java.lang.Object, long, java.lang.Object, java.lang.Object)'> (0x000000071834a7a8) 
thrown [s\src\hotspot\share\interpreter\linkResolver.cpp, line 759]
Event: 12.241 Thread 0x000001ce9b7aed60 Exception <a 'java/lang/NoSuchMethodError'{0x000000071844ec58}: 'java.lang.Object java.lang.invoke.Invokers$Holder.linkToTargetMethod(java.lang.Object, long, java.lang.Object, java.lang.Object)'> (0x000000071844ec58) 
thrown [s\src\hotspot\share\interpreter\linkResolver.cpp, line 759]
Event: 12.241 Thread 0x000001ce9bbcfee0 Exception <a 'java/lang/NoSuchMethodError'{0x000000071823d438}: 'java.lang.Object java.lang.invoke.Invokers$Holder.linkToTargetMethod(java.lang.Object, long, java.lang.Object, java.lang.Object)'> (0x000000071823d438) 
thrown [s\src\hotspot\share\interpreter\linkResolver.cpp, line 759]
Event: 12.241 Thread 0x000001ce9bbcf540 Exception <a 'java/lang/NoSuchMethodError'{0x0000000718590b50}: 'java.lang.Object java.lang.invoke.Invokers$Holder.linkToTargetMethod(java.lang.Object, long, java.lang.Object, java.lang.Object)'> (0x0000000718590b50) 
thrown [s\src\hotspot\share\interpreter\linkResolver.cpp, line 759]
Event: 12.241 Thread 0x000001ce9b830010 Exception <a 'java/lang/NoSuchMethodError'{0x00000007185de9f0}: 'java.lang.Object java.lang.invoke.Invokers$Holder.linkToTargetMethod(java.lang.Object, long, java.lang.Object, java.lang.Object)'> (0x00000007185de9f0) 
thrown [s\src\hotspot\share\interpreter\linkResolver.cpp, line 759]
Event: 12.241 Thread 0x000001ce9bbd4240 Exception <a 'java/lang/NoSuchMethodError'{0x000000071832a5f8}: 'java.lang.Object java.lang.invoke.Invokers$Holder.linkToTargetMethod(java.lang.Object, long, java.lang.Object, java.lang.Object)'> (0x000000071832a5f8) 
thrown [s\src\hotspot\share\interpreter\linkResolver.cpp, line 759]
Event: 12.241 Thread 0x000001ce9bbd4be0 Exception <a 'java/lang/NoSuchMethodError'{0x00000007182ce2f8}: 'java.lang.Object java.lang.invoke.Invokers$Holder.linkToTargetMethod(java.lang.Object, long, java.lang.Object, java.lang.Object)'> (0x00000007182ce2f8) 
thrown [s\src\hotspot\share\interpreter\linkResolver.cpp, line 759]
Event: 12.241 Thread 0x000001ce9bbd0880 Exception <a 'java/lang/NoSuchMethodError'{0x00000007182eebf8}: 'java.lang.Object java.lang.invoke.Invokers$Holder.linkToTargetMethod(java.lang.Object, long, java.lang.Object, java.lang.Object)'> (0x00000007182eebf8) 
thrown [s\src\hotspot\share\interpreter\linkResolver.cpp, line 759]
Event: 12.241 Thread 0x000001ce9b830d00 Exception <a 'java/lang/NoSuchMethodError'{0x000000071827d4c0}: 'java.lang.Object java.lang.invoke.Invokers$Holder.linkToTargetMethod(java.lang.Object, long, java.lang.Object, java.lang.Object)'> (0x000000071827d4c0) 
thrown [s\src\hotspot\share\interpreter\linkResolver.cpp, line 759]
Event: 12.241 Thread 0x000001ce9bbd6d90 Exception <a 'java/lang/NoSuchMethodError'{0x000000071825da50}: 'java.lang.Object java.lang.invoke.Invokers$Holder.linkToTargetMethod(java.lang.Object, long, java.lang.Object, java.lang.Object)'> (0x000000071825da50) 
thrown [s\src\hotspot\share\interpreter\linkResolver.cpp, line 759]
Event: 12.241 Thread 0x000001ce9bbd2f00 Exception <a 'java/lang/NoSuchMethodError'{0x000000071830f250}: 'java.lang.Object java.lang.invoke.Invokers$Holder.linkToTargetMethod(java.lang.Object, long, java.lang.Object, java.lang.Object)'> (0x000000071830f250) 
thrown [s\src\hotspot\share\interpreter\linkResolver.cpp, line 759]

VM Operations (20 events):
Event: 0.952 Executing VM operation: HandshakeAllThreads
Event: 0.952 Executing VM operation: HandshakeAllThreads done
Event: 1.952 Executing VM operation: Cleanup
Event: 1.953 Executing VM operation: Cleanup done
Event: 3.974 Executing VM operation: Cleanup
Event: 3.974 Executing VM operation: Cleanup done
Event: 4.982 Executing VM operation: Cleanup
Event: 4.982 Executing VM operation: Cleanup done
Event: 6.997 Executing VM operation: Cleanup
Event: 6.997 Executing VM operation: Cleanup done
Event: 9.015 Executing VM operation: Cleanup
Event: 9.016 Executing VM operation: Cleanup done
Event: 11.937 Executing VM operation: G1CollectForAllocation
Event: 11.943 Executing VM operation: G1CollectForAllocation done
Event: 12.111 Executing VM operation: HandshakeAllThreads
Event: 12.111 Executing VM operation: HandshakeAllThreads done
Event: 12.116 Executing VM operation: HandshakeAllThreads
Event: 12.116 Executing VM operation: HandshakeAllThreads done
Event: 12.209 Executing VM operation: HandshakeAllThreads
Event: 12.209 Executing VM operation: HandshakeAllThreads done

Events (20 events):
Event: 12.208 loading class java/lang/invoke/MethodHandleImpl$Makers$2
Event: 12.208 loading class java/util/concurrent/CompletableFuture$UniRun
Event: 12.208 loading class java/lang/invoke/MethodHandleImpl$Makers$2 done
Event: 12.208 loading class java/lang/invoke/MethodHandleImpl$Makers$3
Event: 12.208 loading class java/util/concurrent/CompletableFuture$UniRun done
Event: 12.208 loading class java/lang/invoke/MethodHandleImpl$Makers$3 done
Event: 12.214 loading class java/lang/invoke/DirectMethodHandle$EnsureInitialized
Event: 12.214 loading class java/lang/invoke/DirectMethodHandle$EnsureInitialized done
Event: 12.215 loading class java/lang/runtime/ObjectMethods$1
Event: 12.215 loading class java/lang/runtime/ObjectMethods$1 done
Event: 12.220 loading class java/lang/invoke/DirectMethodHandle$1
Event: 12.220 loading class java/lang/invoke/DirectMethodHandle$1 done
Event: 12.237 loading class java/util/concurrent/ForkJoinTask$AdaptedRunnableAction
Event: 12.237 loading class java/util/concurrent/ForkJoinTask$AdaptedRunnableAction done
Event: 12.237 loading class java/util/concurrent/CompletableFuture$UniRelay
Event: 12.237 loading class java/util/concurrent/CompletableFuture$UniRelay done
Event: 12.242 loading class java/util/concurrent/CompletableFuture$UniAccept
Event: 12.242 loading class java/util/concurrent/CompletableFuture$UniAccept done
Event: 12.242 loading class java/util/concurrent/CompletableFuture$UniExceptionally
Event: 12.243 loading class java/util/concurrent/CompletableFuture$UniExceptionally done


Dynamic libraries:
0x00007ff6b2180000 - 0x00007ff6b218d000 	C:\Users\yakim\.jdks\corretto-17.0.7\bin\java.exe
0x00007ff96c8d0000 - 0x00007ff96cac8000 	C:\Windows\SYSTEM32\ntdll.dll
0x00007ff959a40000 - 0x00007ff959a59000 	C:\Program Files\Avast Software\Avast\aswhook.dll
0x00007ff96af10000 - 0x00007ff96afcf000 	C:\Windows\System32\KERNEL32.DLL
0x00007ff96a1e0000 - 0x00007ff96a4d6000 	C:\Windows\System32\KERNELBASE.dll
0x00007ff969fb0000 - 0x00007ff96a0b0000 	C:\Windows\System32\ucrtbase.dll
0x00007ff962300000 - 0x00007ff962317000 	C:\Users\yakim\.jdks\corretto-17.0.7\bin\jli.dll
0x00007ff957a90000 - 0x00007ff957aa5000 	C:\Users\yakim\.jdks\corretto-17.0.7\bin\VCRUNTIME140.dll
0x00007ff96c3c0000 - 0x00007ff96c55d000 	C:\Windows\System32\USER32.dll
0x00007ff96a1b0000 - 0x00007ff96a1d2000 	C:\Windows\System32\win32u.dll
0x00007ff96b250000 - 0x00007ff96b27c000 	C:\Windows\System32\GDI32.dll
0x00007ff952370000 - 0x00007ff95260a000 	C:\Windows\WinSxS\amd64_microsoft.windows.common-controls_6595b64144ccf1df_6.0.19041.1110_none_60b5254171f9507e\COMCTL32.dll
0x00007ff96a660000 - 0x00007ff96a775000 	C:\Windows\System32\gdi32full.dll
0x00007ff96a5c0000 - 0x00007ff96a65d000 	C:\Windows\System32\msvcp_win.dll
0x00007ff96b180000 - 0x00007ff96b21e000 	C:\Windows\System32\msvcrt.dll
0x00007ff96b220000 - 0x00007ff96b250000 	C:\Windows\System32\IMM32.DLL
0x00007ff957750000 - 0x00007ff9577eb000 	C:\Users\yakim\.jdks\corretto-17.0.7\bin\msvcp140.dll
0x00007ff921970000 - 0x00007ff92258a000 	C:\Users\yakim\.jdks\corretto-17.0.7\bin\server\jvm.dll
0x00007ff96c0c0000 - 0x00007ff96c16f000 	C:\Windows\System32\ADVAPI32.dll
0x00007ff96ae70000 - 0x00007ff96af0c000 	C:\Windows\System32\sechost.dll
0x00007ff96ac90000 - 0x00007ff96adb6000 	C:\Windows\System32\RPCRT4.dll
0x00007ff94b0f0000 - 0x00007ff94b0f9000 	C:\Windows\SYSTEM32\WSOCK32.dll
0x00007ff95eae0000 - 0x00007ff95eb07000 	C:\Windows\SYSTEM32\WINMM.dll
0x00007ff961d40000 - 0x00007ff961d4a000 	C:\Windows\SYSTEM32\VERSION.dll
0x00007ff96b090000 - 0x00007ff96b0fb000 	C:\Windows\System32\WS2_32.dll
0x00007ff967e50000 - 0x00007ff967e62000 	C:\Windows\SYSTEM32\kernel.appcore.dll
0x00007ff962840000 - 0x00007ff96284a000 	C:\Users\yakim\.jdks\corretto-17.0.7\bin\jimage.dll
0x00007ff954ab0000 - 0x00007ff954c94000 	C:\Windows\SYSTEM32\DBGHELP.DLL
0x00007ff953630000 - 0x00007ff953664000 	C:\Windows\SYSTEM32\dbgcore.DLL
0x00007ff96a0b0000 - 0x00007ff96a132000 	C:\Windows\System32\bcryptPrimitives.dll
0x00007ff956470000 - 0x00007ff956495000 	C:\Users\yakim\.jdks\corretto-17.0.7\bin\java.dll
0x00007ff9507d0000 - 0x00007ff9508a6000 	C:\Users\yakim\.jdks\corretto-17.0.7\bin\jsvml.dll
0x00007ff96b2a0000 - 0x00007ff96b9e4000 	C:\Windows\System32\SHELL32.dll
0x00007ff968050000 - 0x00007ff9687e3000 	C:\Windows\SYSTEM32\windows.storage.dll
0x00007ff96a930000 - 0x00007ff96ac84000 	C:\Windows\System32\combase.dll
0x00007ff969920000 - 0x00007ff96994e000 	C:\Windows\SYSTEM32\Wldp.dll
0x00007ff96adc0000 - 0x00007ff96ae6d000 	C:\Windows\System32\SHCORE.dll
0x00007ff96afd0000 - 0x00007ff96b025000 	C:\Windows\System32\shlwapi.dll
0x00007ff969ee0000 - 0x00007ff969f05000 	C:\Windows\SYSTEM32\profapi.dll
0x00007ff9579e0000 - 0x00007ff9579f9000 	C:\Users\yakim\.jdks\corretto-17.0.7\bin\net.dll
0x00007ff95f130000 - 0x00007ff95f23a000 	C:\Windows\SYSTEM32\WINHTTP.dll
0x00007ff969680000 - 0x00007ff9696ea000 	C:\Windows\system32\mswsock.dll
0x00007ff957920000 - 0x00007ff957935000 	C:\Users\yakim\.jdks\corretto-17.0.7\bin\nio.dll
0x00007ff956680000 - 0x00007ff956698000 	C:\Users\yakim\.jdks\corretto-17.0.7\bin\zip.dll
0x00007ff957740000 - 0x00007ff957749000 	C:\Users\yakim\.jdks\corretto-17.0.7\bin\management.dll
0x00007ff955230000 - 0x00007ff95523b000 	C:\Users\yakim\.jdks\corretto-17.0.7\bin\management_ext.dll
0x00007ff96c880000 - 0x00007ff96c888000 	C:\Windows\System32\PSAPI.DLL
0x00007ff955220000 - 0x00007ff95522e000 	C:\Users\yakim\.jdks\corretto-17.0.7\bin\sunmscapi.dll
0x00007ff96a780000 - 0x00007ff96a8de000 	C:\Windows\System32\CRYPT32.dll
0x00007ff969990000 - 0x00007ff9699b8000 	C:\Windows\SYSTEM32\ncrypt.dll
0x00007ff969950000 - 0x00007ff96998b000 	C:\Windows\SYSTEM32\NTASN1.dll
0x00007ff957ab0000 - 0x00007ff957ab7000 	C:\Windows\system32\wshunix.dll
0x00007ff969880000 - 0x00007ff969898000 	C:\Windows\SYSTEM32\CRYPTSP.dll
0x00007ff968f90000 - 0x00007ff968fc4000 	C:\Windows\system32\rsaenh.dll
0x00007ff96a590000 - 0x00007ff96a5b7000 	C:\Windows\System32\bcrypt.dll
0x00007ff969e60000 - 0x00007ff969e8e000 	C:\Windows\SYSTEM32\USERENV.dll
0x00007ff969870000 - 0x00007ff96987c000 	C:\Windows\SYSTEM32\CRYPTBASE.dll
0x00007ff969370000 - 0x00007ff9693ab000 	C:\Windows\SYSTEM32\IPHLPAPI.DLL
0x00007ff96c200000 - 0x00007ff96c208000 	C:\Windows\System32\NSI.dll
0x00007ff960500000 - 0x00007ff960517000 	C:\Windows\SYSTEM32\dhcpcsvc6.DLL
0x00007ff9610e0000 - 0x00007ff9610fd000 	C:\Windows\SYSTEM32\dhcpcsvc.DLL
0x00007ff9693b0000 - 0x00007ff96947a000 	C:\Windows\SYSTEM32\DNSAPI.dll
0x0000000069ac0000 - 0x0000000069ae4000 	C:\Users\yakim\AppData\Local\Temp\jansi-2.4.0-262181a411b34d4-jansi.dll

dbghelp: loaded successfully - version: 4.0.5 - missing functions: none
symbol engine: initialized successfully - sym options: 0x614 - pdb path: .;C:\Users\yakim\.jdks\corretto-17.0.7\bin;C:\Windows\SYSTEM32;C:\Program Files\Avast Software\Avast;C:\Windows\WinSxS\amd64_microsoft.windows.common-controls_6595b64144ccf1df_6.0.19041.1110_none_60b5254171f9507e;C:\Users\yakim\.jdks\corretto-17.0.7\bin\server;C:\Users\yakim\AppData\Local\Temp

VM Arguments:
jvm_args: --enable-preview -Dfile.encoding=windows-1251 -Duser.country=RU -Duser.language=ru -Duser.variant 
java_command: Main
java_class_path (initial): C:\Users\yakim\IdeaProjects\minestom\build\classes\java\main;C:\Users\yakim\IdeaProjects\minestom\build\resources\main;C:\Users\yakim\.gradle\caches\modules-2\files-2.1\com.github.Minestom.Minestom\Minestom\c5047b8037\d58bd5c3ef33368fdc45b076fbd30b2fadca4345\Minestom-c5047b8037.jar;C:\Users\yakim\.gradle\caches\modules-2\files-2.1\org.tinylog\tinylog-impl\2.5.0\bff620764525d3b4b20e2d1a1c12c314601e8671\tinylog-impl-2.5.0.jar;C:\Users\yakim\.gradle\caches\modules-2\files-2.1\org.tinylog\slf4j-tinylog\2.5.0\9826ed24509ce43582798901d1cd258f2e9ee054\slf4j-tinylog-2.5.0.jar;C:\Users\yakim\.gradle\caches\modules-2\files-2.1\org.tinylog\tinylog-api\2.5.0\a9f15fb53600a4f97cfc2b43dbd5283929daf705\tinylog-api-2.5.0.jar;C:\Users\yakim\.gradle\caches\modules-2\files-2.1\org.jline\jline\3.21.0\2bf6f2311356f309fda0412e9389d2499346b5a1\jline-3.21.0.jar;C:\Users\yakim\.gradle\caches\modules-2\files-2.1\org.jline\jline-terminal-jansi\3.21.0\27086834f4d9951f9c2c3b299782e114b56fcf51\jline-terminal-jansi-3.21.0.jar;C:\Users\yakim\.gradle\caches\modules-2\files-2.1\com.github.ben-manes.caffeine\caffeine\3.1.2\c79828183e8bfa014cf3287b1aa5200cba18091b\caffeine-3.1.2.jar;C:\Users\yakim\.gradle\caches\modules-2\files-2.1\space.vectrix.flare\flare\2.0.1\2b4594f599d4d1becce5d5057f3d7a056237a0c6\flare-2.0.1.jar;C:\Users\yakim\.gradle\caches\modules-2\files-2.1\space.vectrix.flare\flare-fastutil\2.0.1\b07cbd5e37afc030717647781eebe7ba672cdd7a\flare-fastutil-2.0.1.jar;C:\Users\yakim\.gradle\caches\modules-2\files-2.1\org.jctools\jctools-core\4.0.1\e12d5984d45aee3976249400dae1bbcafcf5ff0a\jctools-core-4.0.1.jar;C:\Users\yakim\.gradle\caches\modules-2\files-2.1\com.github.Minestom\MinestomDataGenerator\ddde11056e\d96167eec72e8d43316712a56baf6fc0d6631081\MinestomDataGenerator-ddde11056e.jar;C:\Users\yakim\.gradle\caches\modules-2\files-2.1\io.github.jglrxavpok.hephaistos\gson\2.5.3\45a0e53bb7b10a4d0c16c3c1badfab8118bf1fb3\gson-2.5.3.jar;C:\Users\yakim\.gradle\caches\modul
Launcher Type: SUN_STANDARD

[Global flags]
     intx CICompilerCount                          = 4                                         {product} {ergonomic}
     uint ConcGCThreads                            = 3                                         {product} {ergonomic}
     uint G1ConcRefinementThreads                  = 10                                        {product} {ergonomic}
   size_t G1HeapRegionSize                         = 2097152                                   {product} {ergonomic}
    uintx GCDrainStackTargetSize                   = 64                                        {product} {ergonomic}
   size_t InitialHeapSize                          = 257949696                                 {product} {ergonomic}
   size_t MarkStackSize                            = 4194304                                   {product} {ergonomic}
   size_t MaxHeapSize                              = 4125097984                                {product} {ergonomic}
   size_t MaxNewSize                               = 2474639360                                {product} {ergonomic}
   size_t MinHeapDeltaBytes                        = 2097152                                   {product} {ergonomic}
   size_t MinHeapSize                              = 8388608                                   {product} {ergonomic}
    uintx NonNMethodCodeHeapSize                   = 5839372                                {pd product} {ergonomic}
    uintx NonProfiledCodeHeapSize                  = 122909434                              {pd product} {ergonomic}
    uintx ProfiledCodeHeapSize                     = 122909434                              {pd product} {ergonomic}
    uintx ReservedCodeCacheSize                    = 251658240                              {pd product} {ergonomic}
     bool SegmentedCodeCache                       = true                                      {product} {ergonomic}
   size_t SoftMaxHeapSize                          = 4125097984                             {manageable} {ergonomic}
     bool UseCompressedClassPointers               = true                           {product lp64_product} {ergonomic}
     bool UseCompressedOops                        = true                           {product lp64_product} {ergonomic}
     bool UseG1GC                                  = true                                      {product} {ergonomic}
     bool UseLargePagesIndividualAllocation        = false                                  {pd product} {ergonomic}

Logging:
Log output configuration:
 #0: stdout all=warning uptime,level,tags
 #1: stderr all=off uptime,level,tags

Environment Variables:
PATH=C:\Program Files (x86)\Common Files\Oracle\Java\javapath;C:\Windows\system32;C:\Windows;C:\Windows\System32\Wbem;C:\Windows\System32\WindowsPowerShell\v1.0\;C:\Windows\System32\OpenSSH\;C:\Program Files\nodejs\;C:\Program Files\NVIDIA Corporation\NVIDIA NvDLISR;C:\Users\yakim\AppData\Local\Microsoft\WindowsApps;E:\Microsoft VS Code\bin;C:\Users\yakim\AppData\Roaming\npm;C:\Users\yakim\AppData\Local\GitHubDesktop\bin
USERNAME=yakim
OS=Windows_NT
PROCESSOR_IDENTIFIER=AMD64 Family 23 Model 96 Stepping 1, AuthenticAMD
TMP=C:\Users\yakim\AppData\Local\Temp
TEMP=C:\Users\yakim\AppData\Local\Temp



---------------  S Y S T E M  ---------------

OS:
 Windows 10 , 64 bit Build 19041 (10.0.19041.3155)
OS uptime: 2 days 14:41 hours

CPU: total 12 (initial active 12) (12 cores per cpu, 2 threads per core) family 23 model 96 stepping 1 microcode 0x0, cx8, cmov, fxsr, ht, mmx, 3dnowpref, sse, sse2, sse3, ssse3, sse4a, sse4.1, sse4.2, popcnt, lzcnt, tsc, tscinvbit, avx, avx2, aes, clmul, bmi1, bmi2, adx, sha, fma, vzeroupper, clflush, clflushopt

Memory: 4k page, system-wide physical 15733M (3509M free)
TotalPageFile size 44698M (AvailPageFile size 5M)
current process WorkingSet (physical memory assigned to process): 167M, peak: 167M
current process commit charge ("private bytes"): 398M, peak: 398M

vm_info: OpenJDK 64-Bit Server VM (17.0.7+7-LTS) for windows-amd64 JRE (17.0.7+7-LTS), built on Apr 14 2023 01:39:21 by "Administrator" with MS VC++ 15.9 (VS2017)

END.
